2018/06/20 12:21:17.657 [INFO] Log Level set to Detail
2018/06/20 12:21:17.658 [INFO] ITSM Bridge version 3.7.14
2018/06/20 12:21:17.658 [INFO] Execution of CI4 version 2
2018/06/20 12:21:17.658 [INFO] Set Variable Single Company to value 'FALSE'
2018/06/20 12:21:17.658 [INFO] Set Variable Company Name to value 'Calbro Services'
2018/06/20 12:21:17.658 [INFO] Set Variable DataSet to value 'BMC.ASSET'
2018/06/20 12:21:17.671 [INFO] Execution started... [Execution ID=2018-06-20_12-21]
2018/06/20 12:21:17.673 [INFO] Initialisation Step Started...
2018/06/20 12:21:17.674 [INFO] Source Server Connected
2018/06/20 12:21:17.676 [DETAIL] Build Field Map [v_plugin] started...
2018/06/20 12:21:19.917 [DETAIL] SNow: Build Field Map [v_plugin] complete, 25 entries
2018/06/20 12:21:20.368 [INFO] Target Server Connected
2018/06/20 12:21:20.368 [DETAIL] Remedy Cache Initialisation started...
2018/06/20 12:21:20.369 [DETAIL] Remedy Cache Initialisation complete
2018/06/20 12:21:20.369 [INFO] Source Server Cache Initialised
2018/06/20 12:21:20.369 [DETAIL] Service Now Cache Initialisation started...
2018/06/20 12:21:20.369 [DETAIL] Service Now Cache Initialisation complete
2018/06/20 12:21:20.369 [INFO] Target Server Cache Initialised
2018/06/20 12:21:20.369 [DETAIL] Top Level Project Validation Completed
2018/06/20 12:21:20.389 [DETAIL] Build Field Map [AST:ConcreteCollection] started...
2018/06/20 12:21:20.552 [DETAIL] Remedy: Build Field Map [AST:ConcreteCollection] complete, 113 entries
2018/06/20 12:21:20.562 [DETAIL] Create Remedy Qualification: 'Class Id' = "BMC.CORE:BMC_CONCRETECOLLECTION" AND (0 = 1 AND 'Company' = "Calbro Services" OR 0 = 0) AND 'Data Set Id' = "BMC.ASSET"
2018/06/20 12:21:20.591 [DETAIL] Build Field Map [dscy_net_base] started...
2018/06/20 12:21:23.388 [DETAIL] SNow: Build Field Map [dscy_net_base] complete, 70 entries
2018/06/20 12:21:23.389 [DETAIL] Build Field Map [cmdb_ci] started...
2018/06/20 12:21:26.590 [DETAIL] SNow: Build Field Map [cmdb_ci] complete, 70 entries
2018/06/20 12:21:26.598 [DETAIL] Build Field Map [cmdb] started...
2018/06/20 12:21:28.521 [DETAIL] SNow: Build Field Map [cmdb] complete, 70 entries
2018/06/20 12:21:28.526 [DETAIL] Build Field Map [core_company] started...
2018/06/20 12:21:30.256 [DETAIL] SNow: Build Field Map [core_company] complete, 43 entries
2018/06/20 12:21:30.257 [DETAIL] Build Field Map [cmn_department] started...
2018/06/20 12:21:30.657 [DETAIL] SNow: Build Field Map [cmn_department] complete, 15 entries
2018/06/20 12:21:30.657 [DETAIL] Build Field Map [AST:WorkLog] started...
2018/06/20 12:21:30.749 [DETAIL] Remedy: Build Field Map [AST:WorkLog] complete, 49 entries
2018/06/20 12:21:30.749 [DETAIL] Build Field Map [cmdb_model] started...
2018/06/20 12:21:32.219 [DETAIL] SNow: Build Field Map [cmdb_model] complete, 38 entries
2018/06/20 12:21:32.219 [DETAIL] Build Field Map [cmn_cost_center] started...
2018/06/20 12:21:32.583 [DETAIL] SNow: Build Field Map [cmn_cost_center] complete, 14 entries
2018/06/20 12:21:32.583 [DETAIL] Build Field Map [cmn_location] started...
2018/06/20 12:21:33.715 [DETAIL] SNow: Build Field Map [cmn_location] complete, 24 entries
2018/06/20 12:21:33.729 [DETAIL] Add Project Variable [Manufacturer Name+ [STRING]]
2018/06/20 12:21:33.731 [DETAIL] Create SNow Lookup Query: name#!#Manufacturer Name+#!#^manufacturer=true
2018/06/20 12:21:33.737 [DETAIL] Add Project Variable [Company [STRING]]
2018/06/20 12:21:33.737 [DETAIL] Create SNow Lookup Query: name#!#Company#!#
2018/06/20 12:21:33.738 [DETAIL] Add Project Variable [Supplier Name+ [STRING]]
2018/06/20 12:21:33.739 [DETAIL] Create SNow Lookup Query: name#!#Supplier Name+#!#^vendor=true
2018/06/20 12:21:33.740 [DETAIL] Add Project Variable [Department [STRING]]
2018/06/20 12:21:33.744 [DETAIL] Create SNow Lookup Query: name#!#Department#!#^company#!#!Target Company SysID!#!#
2018/06/20 12:21:33.746 [DETAIL] Add Project Variable [Reconciliation Identity [STRING]]
2018/06/20 12:21:33.751 [DETAIL] Create Remedy Lookup Query: 'CI_Instance_ID' = ""
2018/06/20 12:21:33.753 [DETAIL] Add Project Variable [Owner_name [STRING]]
2018/06/20 12:21:33.753 [DETAIL] Create SNow Lookup Query: name#!#Owner_name#!#
2018/06/20 12:21:33.754 [DETAIL] Add Project Variable [Version Number [STRING]]
2018/06/20 12:21:33.755 [DETAIL] Add Project Variable [Model Number [STRING]]
2018/06/20 12:21:33.755 [DETAIL] Create SNow Lookup Query: name#!#Model Number#!#^model_number#!#Version Number#!#
2018/06/20 12:21:33.756 [DETAIL] Add Project Variable [Cost Center [STRING]]
2018/06/20 12:21:33.757 [DETAIL] Create SNow Lookup Query: code#!#Cost Center#!#
2018/06/20 12:21:33.758 [DETAIL] Add Project Variable [Site [STRING]]
2018/06/20 12:21:33.758 [DETAIL] Create SNow Lookup Query: name#!#Site#!#^company#!#!Target Company SysID!#!#
2018/06/20 12:21:33.771 [DETAIL] Build Field Map [sys_web_service] started...
2018/06/20 12:21:34.115 [DETAIL] SNow: Build Field Map [sys_web_service] complete, 9 entries
2018/06/20 12:21:34.115 [DETAIL] Build Field Map [sys_metadata] started...
2018/06/20 12:21:34.951 [DETAIL] SNow: Build Field Map [sys_metadata] complete, 20 entries
2018/06/20 12:21:35.379 [INFO] Synchronising Scripted Web Service [u_itsmb_dscy_net_base_n]
2018/06/20 12:21:40.967 [DETAIL] --Check Import WS Started--
   WS Name: u_itsmb_dscy_net_base_n
   Target Table: dscy_net_base
   Scope: global
   Run Business Rules: false
   include fields from tables: dscy_net_base,cmdb_ci,cmdb
--created ws import set: u_itsmb_dscy_net_base_n [dscy_net_base]--
--synchronise ws fields with target complete--
--transform map updated: u_itsmb_dscy_net_base_n
   create transform field mapping: skip_sync -> skip_sync
   create transform field mapping: operational_status -> operational_status
   skip system field: template_import_log
   skip system field: target_scope
   skip system field: sys_updated_on
   skip system field: target_class_name
   skip system field: sys_target_sys_id
   create transform field mapping: discovery_source -> discovery_source
   create transform field mapping: first_discovered -> first_discovered
   skip system field: sys_updated_by
   create transform field mapping: due_in -> due_in
   skip system field: sys_created_on
   skip system field: sys_import_set
   create transform field mapping: install_date -> install_date
   create transform field mapping: invoice_number -> invoice_number
   skip system field: target_sys_id
   create transform field mapping: gl_account -> gl_account
   skip system field: target_created_by
   skip system field: sys_created_by
   create transform field mapping: warranty_expiration -> warranty_expiration
   skip system field: sys_import_row
   create transform field mapping: asset_tag -> asset_tag
   skip system field: sys_row_error
   create transform field mapping: fqdn -> fqdn
   skip system field: target_domain_path
   create transform field mapping: change_control -> change_control
   create transform field mapping: owned_by -> owned_by
   create transform field mapping: checked_out -> checked_out
   skip system field: import_set_run
   create transform field mapping: network_wire -> network_wire
   create transform field mapping: maintenance_schedule -> maintenance_schedule
   create transform field mapping: delivery_date -> delivery_date
   create transform field mapping: install_status -> install_status
   create transform field mapping: cost_center -> cost_center
   create transform field mapping: supported_by -> supported_by
   create transform field mapping: dns_domain -> dns_domain
   create transform field mapping: name -> name
   create transform field mapping: assigned -> assigned
   create transform field mapping: purchase_date -> purchase_date
   create transform field mapping: subcategory -> subcategory
   create transform field mapping: short_description -> short_description
   skip system field: target_mod_count
   create transform field mapping: assignment_group -> assignment_group
   skip system field: batch_id
   create transform field mapping: managed_by -> managed_by
   skip system field: sys_import_state_comment
   skip system field: target_domain
   create transform field mapping: can_print -> can_print
   create transform field mapping: last_discovered -> last_discovered
   skip system field: sys_class_name
   create transform field mapping: manufacturer -> manufacturer
   create transform field mapping: po_number -> po_number
   create transform field mapping: sys_class_path -> sys_class_path
   create transform field mapping: checked_in -> checked_in
   create transform field mapping: vendor -> vendor
   create transform field mapping: mac_address -> mac_address
   skip system field: sys_transform_map
   create transform field mapping: company -> company
   create transform field mapping: justification -> justification
   create transform field mapping: model_number -> model_number
   create transform field mapping: department -> department
   create transform field mapping: start_date -> start_date
   create transform field mapping: assigned_to -> assigned_to
   create transform field mapping: comments -> comments
   create transform field mapping: cost -> cost
   skip system field: sys_target_table
   skip system field: target_created_on
   skip system field: sys_mod_count
   create transform field mapping: monitor -> monitor
   create transform field mapping: serial_number -> serial_number
   create transform field mapping: ip_address -> ip_address
   create transform field mapping: model_id -> model_id
   skip virtual field: sys_tags
   skip system field: sys_import_state
   create transform field mapping: cost_cc -> cost_cc
   create transform field mapping: support_group -> support_group
   create transform field mapping: order_date -> order_date
   create transform field mapping: schedule -> schedule
   create transform field mapping: due -> due
   create transform field mapping: correlation_id -> correlation_id
   create transform field mapping: unverified -> unverified
   create transform field mapping: location -> location
   create transform field mapping: attributes -> attributes
   skip system field: source_id
   create transform field mapping: category -> category
   create transform field mapping: asset -> asset
   create transform field mapping: fault_count -> fault_count
   create transform field mapping: lease_id -> lease_id
   create transform field mapping: target_domain -> sys_domain
   create transform field mapping: target_class_name -> sys_class_name
   create transform field mapping: target_mod_count -> sys_mod_count
   create transform field mapping: target_created_by -> sys_created_by
   create transform field mapping: target_created_on -> sys_created_on
add sys_id_coalece
   create transform field mapping: target_sys_id -> sys_id
--synchronise transform map complete--
--Check Import Set WS and Transform Map Completed--

2018/06/20 12:21:40.968 [INFO] Scripted Web Service is Synchronised [u_itsmb_dscy_net_base_n]
2018/06/20 12:21:40.968 [DETAIL] Build Field Map [u_itsmb_dscy_net_base_n] started...
2018/06/20 12:21:43.298 [DETAIL] SNow: Build Field Map [u_itsmb_dscy_net_base_n] complete, 72 entries
2018/06/20 12:21:43.828 [INFO] Initialisation 1 of 8 [CMDB Concrete Collection] Completed
2018/06/20 12:21:43.829 [DETAIL] Build Field Map [AST:ConnectivityCollection] started...
2018/06/20 12:21:43.962 [DETAIL] Remedy: Build Field Map [AST:ConnectivityCollection] complete, 116 entries
2018/06/20 12:21:43.972 [DETAIL] Create Remedy Qualification: 'ClassId' = "BMC_CONNECTIVITYGROUP" AND (0 = 1 AND 'Company' = "Calbro Services" OR 0 = 0) AND 'DatasetID' = "BMC.ASSET"
2018/06/20 12:21:43.992 [DETAIL] Add Project Variable [ManufacturerName [STRING]]
2018/06/20 12:21:43.992 [DETAIL] Create SNow Lookup Query: name#!#ManufacturerName#!#^manufacturer=true
2018/06/20 12:21:43.993 [DETAIL] Add Project Variable [Company [STRING]]
2018/06/20 12:21:43.993 [DETAIL] Create SNow Lookup Query: name#!#Company#!#
2018/06/20 12:21:43.995 [DETAIL] Add Project Variable [SupplierName [STRING]]
2018/06/20 12:21:43.995 [DETAIL] Create SNow Lookup Query: name#!#SupplierName#!#^vendor=true
2018/06/20 12:21:43.996 [DETAIL] Add Project Variable [Department [STRING]]
2018/06/20 12:21:43.996 [DETAIL] Create SNow Lookup Query: name#!#Department#!#^company#!#!Target Company SysID!#!#
2018/06/20 12:21:43.997 [DETAIL] Add Project Variable [Reconciliation Identity [STRING]]
2018/06/20 12:21:44.001 [DETAIL] Create Remedy Lookup Query: 'CI_Instance_ID' = ""
2018/06/20 12:21:44.001 [DETAIL] Add Project Variable [OwnerName [STRING]]
2018/06/20 12:21:44.001 [DETAIL] Create SNow Lookup Query: name#!#OwnerName#!#
2018/06/20 12:21:44.002 [DETAIL] Add Project Variable [Model [STRING]]
2018/06/20 12:21:44.002 [DETAIL] Add Project Variable [VersionNumber [STRING]]
2018/06/20 12:21:44.003 [DETAIL] Create SNow Lookup Query: name#!#Model#!#^model_number#!#VersionNumber#!#
2018/06/20 12:21:44.003 [DETAIL] Add Project Variable [Cost Center [STRING]]
2018/06/20 12:21:44.004 [DETAIL] Create SNow Lookup Query: code#!#Cost Center#!#
2018/06/20 12:21:44.004 [DETAIL] Add Project Variable [Site [STRING]]
2018/06/20 12:21:44.004 [DETAIL] Create SNow Lookup Query: name#!#Site#!#^company#!#!Target Company SysID!#!#
2018/06/20 12:21:44.006 [INFO] Synchronising Scripted Web Service [u_itsmb_dscy_net_base_n]
2018/06/20 12:21:45.746 [DETAIL] --Check Import WS Started--
   WS Name: u_itsmb_dscy_net_base_n
   Target Table: dscy_net_base
   Scope: global
   Run Business Rules: false
   include fields from tables: dscy_net_base,cmdb_ci,cmdb
--created ws import set: u_itsmb_dscy_net_base_n [dscy_net_base]--
--synchronise ws fields with target complete--
--transform map updated: u_itsmb_dscy_net_base_n
   transform field mapping exists: skip_sync -> skip_sync
   transform field mapping exists: operational_status -> operational_status
   skip system field: template_import_log
   skip system field: target_scope
   skip system field: sys_updated_on
   skip system field: target_class_name
   skip system field: sys_target_sys_id
   transform field mapping exists: discovery_source -> discovery_source
   transform field mapping exists: first_discovered -> first_discovered
   skip system field: sys_updated_by
   transform field mapping exists: due_in -> due_in
   skip system field: sys_created_on
   skip system field: sys_import_set
   transform field mapping exists: install_date -> install_date
   transform field mapping exists: invoice_number -> invoice_number
   skip system field: target_sys_id
   transform field mapping exists: gl_account -> gl_account
   skip system field: target_created_by
   skip system field: sys_created_by
   transform field mapping exists: warranty_expiration -> warranty_expiration
   skip system field: sys_import_row
   transform field mapping exists: asset_tag -> asset_tag
   skip system field: sys_row_error
   transform field mapping exists: fqdn -> fqdn
   skip system field: target_domain_path
   transform field mapping exists: change_control -> change_control
   transform field mapping exists: owned_by -> owned_by
   transform field mapping exists: checked_out -> checked_out
   skip system field: import_set_run
   transform field mapping exists: network_wire -> network_wire
   transform field mapping exists: maintenance_schedule -> maintenance_schedule
   transform field mapping exists: delivery_date -> delivery_date
   transform field mapping exists: install_status -> install_status
   transform field mapping exists: cost_center -> cost_center
   transform field mapping exists: supported_by -> supported_by
   transform field mapping exists: dns_domain -> dns_domain
   transform field mapping exists: name -> name
   transform field mapping exists: assigned -> assigned
   transform field mapping exists: purchase_date -> purchase_date
   transform field mapping exists: subcategory -> subcategory
   transform field mapping exists: short_description -> short_description
   skip system field: target_mod_count
   transform field mapping exists: assignment_group -> assignment_group
   skip system field: batch_id
   transform field mapping exists: managed_by -> managed_by
   skip system field: sys_import_state_comment
   skip system field: target_domain
   transform field mapping exists: can_print -> can_print
   transform field mapping exists: last_discovered -> last_discovered
   skip system field: sys_class_name
   transform field mapping exists: manufacturer -> manufacturer
   transform field mapping exists: po_number -> po_number
   transform field mapping exists: sys_class_path -> sys_class_path
   transform field mapping exists: checked_in -> checked_in
   transform field mapping exists: vendor -> vendor
   transform field mapping exists: mac_address -> mac_address
   skip system field: sys_transform_map
   transform field mapping exists: company -> company
   transform field mapping exists: justification -> justification
   transform field mapping exists: model_number -> model_number
   transform field mapping exists: department -> department
   transform field mapping exists: start_date -> start_date
   transform field mapping exists: assigned_to -> assigned_to
   transform field mapping exists: comments -> comments
   transform field mapping exists: cost -> cost
   skip system field: sys_target_table
   skip system field: target_created_on
   skip system field: sys_mod_count
   transform field mapping exists: monitor -> monitor
   transform field mapping exists: serial_number -> serial_number
   transform field mapping exists: ip_address -> ip_address
   transform field mapping exists: model_id -> model_id
   skip virtual field: sys_tags
   skip system field: sys_import_state
   transform field mapping exists: cost_cc -> cost_cc
   transform field mapping exists: support_group -> support_group
   transform field mapping exists: order_date -> order_date
   transform field mapping exists: schedule -> schedule
   transform field mapping exists: due -> due
   transform field mapping exists: correlation_id -> correlation_id
   transform field mapping exists: unverified -> unverified
   transform field mapping exists: location -> location
   transform field mapping exists: attributes -> attributes
   skip system field: source_id
   transform field mapping exists: category -> category
   transform field mapping exists: asset -> asset
   transform field mapping exists: fault_count -> fault_count
   transform field mapping exists: lease_id -> lease_id
   transform field mapping exists: target_domain -> sys_domain
   transform field mapping exists: target_class_name -> sys_class_name
   transform field mapping exists: target_mod_count -> sys_mod_count
   transform field mapping exists: target_created_by -> sys_created_by
   transform field mapping exists: target_created_on -> sys_created_on
coalece field exists
--synchronise transform map complete--
--Check Import Set WS and Transform Map Completed--

2018/06/20 12:21:45.746 [INFO] Scripted Web Service is Synchronised [u_itsmb_dscy_net_base_n]
2018/06/20 12:21:46.214 [INFO] Initialisation 2 of 8 [CMDB Connectivity Collection] Completed
2018/06/20 12:21:46.214 [DETAIL] Build Field Map [AST:ConnectivitySegment] started...
2018/06/20 12:21:46.321 [DETAIL] Remedy: Build Field Map [AST:ConnectivitySegment] complete, 110 entries
2018/06/20 12:21:46.329 [DETAIL] Create Remedy Qualification: 'ClassId' = "BMC_CONNECTIVITYSEGMENT" AND (0 = 1 AND 'Company' = "Calbro Services" OR 0 = 0) AND 'DatasetID' = "BMC.ASSET"
2018/06/20 12:21:46.354 [DETAIL] Add Project Variable [ManufacturerName [STRING]]
2018/06/20 12:21:46.354 [DETAIL] Create SNow Lookup Query: name#!#ManufacturerName#!#^manufacturer=true
2018/06/20 12:21:46.355 [DETAIL] Add Project Variable [Company [STRING]]
2018/06/20 12:21:46.355 [DETAIL] Create SNow Lookup Query: name#!#Company#!#
2018/06/20 12:21:46.356 [DETAIL] Add Project Variable [SupplierName [STRING]]
2018/06/20 12:21:46.356 [DETAIL] Create SNow Lookup Query: name#!#SupplierName#!#^vendor=true
2018/06/20 12:21:46.356 [DETAIL] Add Project Variable [Department [STRING]]
2018/06/20 12:21:46.356 [DETAIL] Create SNow Lookup Query: name#!#Department#!#^company#!#!Target Company SysID!#!#
2018/06/20 12:21:46.357 [DETAIL] Add Project Variable [Reconciliation Identity [STRING]]
2018/06/20 12:21:46.360 [DETAIL] Create Remedy Lookup Query: 'CI_Instance_ID' = ""
2018/06/20 12:21:46.361 [DETAIL] Add Project Variable [OwnerName [STRING]]
2018/06/20 12:21:46.361 [DETAIL] Create SNow Lookup Query: name#!#OwnerName#!#
2018/06/20 12:21:46.362 [DETAIL] Add Project Variable [Model [STRING]]
2018/06/20 12:21:46.362 [DETAIL] Add Project Variable [VersionNumber [STRING]]
2018/06/20 12:21:46.362 [DETAIL] Create SNow Lookup Query: name#!#Model#!#^model_number#!#VersionNumber#!#
2018/06/20 12:21:46.363 [DETAIL] Add Project Variable [Cost Center [STRING]]
2018/06/20 12:21:46.363 [DETAIL] Create SNow Lookup Query: code#!#Cost Center#!#
2018/06/20 12:21:46.363 [DETAIL] Add Project Variable [Site [STRING]]
2018/06/20 12:21:46.363 [DETAIL] Create SNow Lookup Query: name#!#Site#!#^company#!#!Target Company SysID!#!#
2018/06/20 12:21:46.365 [INFO] Synchronising Scripted Web Service [u_itsmb_dscy_net_base_n]
2018/06/20 12:21:48.147 [DETAIL] --Check Import WS Started--
   WS Name: u_itsmb_dscy_net_base_n
   Target Table: dscy_net_base
   Scope: global
   Run Business Rules: false
   include fields from tables: dscy_net_base,cmdb_ci,cmdb
--created ws import set: u_itsmb_dscy_net_base_n [dscy_net_base]--
--synchronise ws fields with target complete--
--transform map updated: u_itsmb_dscy_net_base_n
   transform field mapping exists: skip_sync -> skip_sync
   transform field mapping exists: operational_status -> operational_status
   skip system field: template_import_log
   skip system field: target_scope
   skip system field: sys_updated_on
   skip system field: target_class_name
   skip system field: sys_target_sys_id
   transform field mapping exists: discovery_source -> discovery_source
   transform field mapping exists: first_discovered -> first_discovered
   skip system field: sys_updated_by
   transform field mapping exists: due_in -> due_in
   skip system field: sys_created_on
   skip system field: sys_import_set
   transform field mapping exists: install_date -> install_date
   transform field mapping exists: invoice_number -> invoice_number
   skip system field: target_sys_id
   transform field mapping exists: gl_account -> gl_account
   skip system field: target_created_by
   skip system field: sys_created_by
   transform field mapping exists: warranty_expiration -> warranty_expiration
   skip system field: sys_import_row
   transform field mapping exists: asset_tag -> asset_tag
   skip system field: sys_row_error
   transform field mapping exists: fqdn -> fqdn
   skip system field: target_domain_path
   transform field mapping exists: change_control -> change_control
   transform field mapping exists: owned_by -> owned_by
   transform field mapping exists: checked_out -> checked_out
   skip system field: import_set_run
   transform field mapping exists: network_wire -> network_wire
   transform field mapping exists: maintenance_schedule -> maintenance_schedule
   transform field mapping exists: delivery_date -> delivery_date
   transform field mapping exists: install_status -> install_status
   transform field mapping exists: cost_center -> cost_center
   transform field mapping exists: supported_by -> supported_by
   transform field mapping exists: dns_domain -> dns_domain
   transform field mapping exists: name -> name
   transform field mapping exists: assigned -> assigned
   transform field mapping exists: purchase_date -> purchase_date
   transform field mapping exists: subcategory -> subcategory
   transform field mapping exists: short_description -> short_description
   skip system field: target_mod_count
   transform field mapping exists: assignment_group -> assignment_group
   skip system field: batch_id
   transform field mapping exists: managed_by -> managed_by
   skip system field: sys_import_state_comment
   skip system field: target_domain
   transform field mapping exists: can_print -> can_print
   transform field mapping exists: last_discovered -> last_discovered
   skip system field: sys_class_name
   transform field mapping exists: manufacturer -> manufacturer
   transform field mapping exists: po_number -> po_number
   transform field mapping exists: sys_class_path -> sys_class_path
   transform field mapping exists: checked_in -> checked_in
   transform field mapping exists: vendor -> vendor
   transform field mapping exists: mac_address -> mac_address
   skip system field: sys_transform_map
   transform field mapping exists: company -> company
   transform field mapping exists: justification -> justification
   transform field mapping exists: model_number -> model_number
   transform field mapping exists: department -> department
   transform field mapping exists: start_date -> start_date
   transform field mapping exists: assigned_to -> assigned_to
   transform field mapping exists: comments -> comments
   transform field mapping exists: cost -> cost
   skip system field: sys_target_table
   skip system field: target_created_on
   skip system field: sys_mod_count
   transform field mapping exists: monitor -> monitor
   transform field mapping exists: serial_number -> serial_number
   transform field mapping exists: ip_address -> ip_address
   transform field mapping exists: model_id -> model_id
   skip virtual field: sys_tags
   skip system field: sys_import_state
   transform field mapping exists: cost_cc -> cost_cc
   transform field mapping exists: support_group -> support_group
   transform field mapping exists: order_date -> order_date
   transform field mapping exists: schedule -> schedule
   transform field mapping exists: due -> due
   transform field mapping exists: correlation_id -> correlation_id
   transform field mapping exists: unverified -> unverified
   transform field mapping exists: location -> location
   transform field mapping exists: attributes -> attributes
   skip system field: source_id
   transform field mapping exists: category -> category
   transform field mapping exists: asset -> asset
   transform field mapping exists: fault_count -> fault_count
   transform field mapping exists: lease_id -> lease_id
   transform field mapping exists: target_domain -> sys_domain
   transform field mapping exists: target_class_name -> sys_class_name
   transform field mapping exists: target_mod_count -> sys_mod_count
   transform field mapping exists: target_created_by -> sys_created_by
   transform field mapping exists: target_created_on -> sys_created_on
coalece field exists
--synchronise transform map complete--
--Check Import Set WS and Transform Map Completed--

2018/06/20 12:21:48.162 [INFO] Scripted Web Service is Synchronised [u_itsmb_dscy_net_base_n]
2018/06/20 12:21:48.638 [INFO] Initialisation 3 of 8 [CMDB Connectivity Segment] Completed
2018/06/20 12:21:48.639 [DETAIL] Build Field Map [AST:IPConnectivitySubnet] started...
2018/06/20 12:21:48.756 [DETAIL] Remedy: Build Field Map [AST:IPConnectivitySubnet] complete, 111 entries
2018/06/20 12:21:48.762 [DETAIL] Create Remedy Qualification: 'ClassId' = "BMC_IPCONNECTIVITYSUBNET" AND (0 = 1 AND 'Company' = "Calbro Services" OR 0 = 0) AND 'DatasetID' = "BMC.ASSET"
2018/06/20 12:21:48.810 [DETAIL] Add Project Variable [ManufacturerName [STRING]]
2018/06/20 12:21:48.810 [DETAIL] Create SNow Lookup Query: name#!#ManufacturerName#!#^manufacturer=true
2018/06/20 12:21:48.811 [DETAIL] Add Project Variable [Company [STRING]]
2018/06/20 12:21:48.811 [DETAIL] Create SNow Lookup Query: name#!#Company#!#
2018/06/20 12:21:48.812 [DETAIL] Add Project Variable [SupplierName [STRING]]
2018/06/20 12:21:48.812 [DETAIL] Create SNow Lookup Query: name#!#SupplierName#!#^vendor=true
2018/06/20 12:21:48.813 [DETAIL] Add Project Variable [Department [STRING]]
2018/06/20 12:21:48.813 [DETAIL] Create SNow Lookup Query: name#!#Department#!#^company#!#!Target Company SysID!#!#
2018/06/20 12:21:48.814 [DETAIL] Add Project Variable [Reconciliation Identity [STRING]]
2018/06/20 12:21:48.816 [DETAIL] Create Remedy Lookup Query: 'CI_Instance_ID' = ""
2018/06/20 12:21:48.816 [DETAIL] Add Project Variable [OwnerName [STRING]]
2018/06/20 12:21:48.816 [DETAIL] Create SNow Lookup Query: name#!#OwnerName#!#
2018/06/20 12:21:48.818 [DETAIL] Add Project Variable [Model [STRING]]
2018/06/20 12:21:48.818 [DETAIL] Add Project Variable [VersionNumber [STRING]]
2018/06/20 12:21:48.818 [DETAIL] Create SNow Lookup Query: name#!#Model#!#^model_number#!#VersionNumber#!#
2018/06/20 12:21:48.818 [DETAIL] Add Project Variable [Cost Center [STRING]]
2018/06/20 12:21:48.818 [DETAIL] Create SNow Lookup Query: code#!#Cost Center#!#
2018/06/20 12:21:48.818 [DETAIL] Add Project Variable [Site [STRING]]
2018/06/20 12:21:48.820 [DETAIL] Create SNow Lookup Query: name#!#Site#!#^company#!#!Target Company SysID!#!#
2018/06/20 12:21:48.821 [INFO] Synchronising Scripted Web Service [u_itsmb_dscy_net_base_n]
2018/06/20 12:21:50.577 [DETAIL] --Check Import WS Started--
   WS Name: u_itsmb_dscy_net_base_n
   Target Table: dscy_net_base
   Scope: global
   Run Business Rules: false
   include fields from tables: dscy_net_base,cmdb_ci,cmdb
--created ws import set: u_itsmb_dscy_net_base_n [dscy_net_base]--
--synchronise ws fields with target complete--
--transform map updated: u_itsmb_dscy_net_base_n
   transform field mapping exists: skip_sync -> skip_sync
   transform field mapping exists: operational_status -> operational_status
   skip system field: template_import_log
   skip system field: target_scope
   skip system field: sys_updated_on
   skip system field: target_class_name
   skip system field: sys_target_sys_id
   transform field mapping exists: discovery_source -> discovery_source
   transform field mapping exists: first_discovered -> first_discovered
   skip system field: sys_updated_by
   transform field mapping exists: due_in -> due_in
   skip system field: sys_created_on
   skip system field: sys_import_set
   transform field mapping exists: install_date -> install_date
   transform field mapping exists: invoice_number -> invoice_number
   skip system field: target_sys_id
   transform field mapping exists: gl_account -> gl_account
   skip system field: target_created_by
   skip system field: sys_created_by
   transform field mapping exists: warranty_expiration -> warranty_expiration
   skip system field: sys_import_row
   transform field mapping exists: asset_tag -> asset_tag
   skip system field: sys_row_error
   transform field mapping exists: fqdn -> fqdn
   skip system field: target_domain_path
   transform field mapping exists: change_control -> change_control
   transform field mapping exists: owned_by -> owned_by
   transform field mapping exists: checked_out -> checked_out
   skip system field: import_set_run
   transform field mapping exists: network_wire -> network_wire
   transform field mapping exists: maintenance_schedule -> maintenance_schedule
   transform field mapping exists: delivery_date -> delivery_date
   transform field mapping exists: install_status -> install_status
   transform field mapping exists: cost_center -> cost_center
   transform field mapping exists: supported_by -> supported_by
   transform field mapping exists: dns_domain -> dns_domain
   transform field mapping exists: name -> name
   transform field mapping exists: assigned -> assigned
   transform field mapping exists: purchase_date -> purchase_date
   transform field mapping exists: subcategory -> subcategory
   transform field mapping exists: short_description -> short_description
   skip system field: target_mod_count
   transform field mapping exists: assignment_group -> assignment_group
   skip system field: batch_id
   transform field mapping exists: managed_by -> managed_by
   skip system field: sys_import_state_comment
   skip system field: target_domain
   transform field mapping exists: can_print -> can_print
   transform field mapping exists: last_discovered -> last_discovered
   skip system field: sys_class_name
   transform field mapping exists: manufacturer -> manufacturer
   transform field mapping exists: po_number -> po_number
   transform field mapping exists: sys_class_path -> sys_class_path
   transform field mapping exists: checked_in -> checked_in
   transform field mapping exists: vendor -> vendor
   transform field mapping exists: mac_address -> mac_address
   skip system field: sys_transform_map
   transform field mapping exists: company -> company
   transform field mapping exists: justification -> justification
   transform field mapping exists: model_number -> model_number
   transform field mapping exists: department -> department
   transform field mapping exists: start_date -> start_date
   transform field mapping exists: assigned_to -> assigned_to
   transform field mapping exists: comments -> comments
   transform field mapping exists: cost -> cost
   skip system field: sys_target_table
   skip system field: target_created_on
   skip system field: sys_mod_count
   transform field mapping exists: monitor -> monitor
   transform field mapping exists: serial_number -> serial_number
   transform field mapping exists: ip_address -> ip_address
   transform field mapping exists: model_id -> model_id
   skip virtual field: sys_tags
   skip system field: sys_import_state
   transform field mapping exists: cost_cc -> cost_cc
   transform field mapping exists: support_group -> support_group
   transform field mapping exists: order_date -> order_date
   transform field mapping exists: schedule -> schedule
   transform field mapping exists: due -> due
   transform field mapping exists: correlation_id -> correlation_id
   transform field mapping exists: unverified -> unverified
   transform field mapping exists: location -> location
   transform field mapping exists: attributes -> attributes
   skip system field: source_id
   transform field mapping exists: category -> category
   transform field mapping exists: asset -> asset
   transform field mapping exists: fault_count -> fault_count
   transform field mapping exists: lease_id -> lease_id
   transform field mapping exists: target_domain -> sys_domain
   transform field mapping exists: target_class_name -> sys_class_name
   transform field mapping exists: target_mod_count -> sys_mod_count
   transform field mapping exists: target_created_by -> sys_created_by
   transform field mapping exists: target_created_on -> sys_created_on
coalece field exists
--synchronise transform map complete--
--Check Import Set WS and Transform Map Completed--

2018/06/20 12:21:50.577 [INFO] Scripted Web Service is Synchronised [u_itsmb_dscy_net_base_n]
2018/06/20 12:21:51.051 [INFO] Initialisation 4 of 8 [CMDB IP Subnet] Completed
2018/06/20 12:21:51.052 [DETAIL] Build Field Map [AST:IPXConnectivityNetwork] started...
2018/06/20 12:21:51.131 [DETAIL] Remedy: Build Field Map [AST:IPXConnectivityNetwork] complete, 103 entries
2018/06/20 12:21:51.136 [DETAIL] Create Remedy Qualification: 'ClassId' = "BMC_IPXCONNECTIVITYNETWORK" AND (0 = 1 AND 'Company' = "Calbro Services" OR 0 = 0) AND 'DatasetID' = "BMC.ASSET"
2018/06/20 12:21:51.172 [DETAIL] Add Project Variable [ManufacturerName [STRING]]
2018/06/20 12:21:51.172 [DETAIL] Create SNow Lookup Query: name#!#ManufacturerName#!#^manufacturer=true
2018/06/20 12:21:51.173 [DETAIL] Add Project Variable [Company [STRING]]
2018/06/20 12:21:51.174 [DETAIL] Create SNow Lookup Query: name#!#Company#!#
2018/06/20 12:21:51.175 [DETAIL] Add Project Variable [SupplierName [STRING]]
2018/06/20 12:21:51.175 [DETAIL] Create SNow Lookup Query: name#!#SupplierName#!#^vendor=true
2018/06/20 12:21:51.177 [DETAIL] Add Project Variable [Department [STRING]]
2018/06/20 12:21:51.178 [DETAIL] Create SNow Lookup Query: name#!#Department#!#^company#!#!Target Company SysID!#!#
2018/06/20 12:21:51.179 [DETAIL] Add Project Variable [Reconciliation Identity [STRING]]
2018/06/20 12:21:51.184 [DETAIL] Create Remedy Lookup Query: 'CI_Instance_ID' = ""
2018/06/20 12:21:51.185 [DETAIL] Add Project Variable [Owner_name [STRING]]
2018/06/20 12:21:51.185 [DETAIL] Create SNow Lookup Query: name#!#Owner_name#!#
2018/06/20 12:21:51.187 [DETAIL] Add Project Variable [Model [STRING]]
2018/06/20 12:21:51.187 [DETAIL] Add Project Variable [VersionNumber [STRING]]
2018/06/20 12:21:51.187 [DETAIL] Create SNow Lookup Query: name#!#Model#!#^model_number#!#VersionNumber#!#
2018/06/20 12:21:51.189 [DETAIL] Add Project Variable [Cost Center [STRING]]
2018/06/20 12:21:51.189 [DETAIL] Create SNow Lookup Query: code#!#Cost Center#!#
2018/06/20 12:21:51.191 [DETAIL] Add Project Variable [Site [STRING]]
2018/06/20 12:21:51.191 [DETAIL] Create SNow Lookup Query: name#!#Site#!#^company#!#!Target Company SysID!#!#
2018/06/20 12:21:51.193 [INFO] Synchronising Scripted Web Service [u_itsmb_dscy_net_base_n]
2018/06/20 12:21:52.963 [DETAIL] --Check Import WS Started--
   WS Name: u_itsmb_dscy_net_base_n
   Target Table: dscy_net_base
   Scope: global
   Run Business Rules: false
   include fields from tables: dscy_net_base,cmdb_ci,cmdb
--created ws import set: u_itsmb_dscy_net_base_n [dscy_net_base]--
--synchronise ws fields with target complete--
--transform map updated: u_itsmb_dscy_net_base_n
   transform field mapping exists: skip_sync -> skip_sync
   transform field mapping exists: operational_status -> operational_status
   skip system field: template_import_log
   skip system field: target_scope
   skip system field: sys_updated_on
   skip system field: target_class_name
   skip system field: sys_target_sys_id
   transform field mapping exists: discovery_source -> discovery_source
   transform field mapping exists: first_discovered -> first_discovered
   skip system field: sys_updated_by
   transform field mapping exists: due_in -> due_in
   skip system field: sys_created_on
   skip system field: sys_import_set
   transform field mapping exists: install_date -> install_date
   transform field mapping exists: invoice_number -> invoice_number
   skip system field: target_sys_id
   transform field mapping exists: gl_account -> gl_account
   skip system field: target_created_by
   skip system field: sys_created_by
   transform field mapping exists: warranty_expiration -> warranty_expiration
   skip system field: sys_import_row
   transform field mapping exists: asset_tag -> asset_tag
   skip system field: sys_row_error
   transform field mapping exists: fqdn -> fqdn
   skip system field: target_domain_path
   transform field mapping exists: change_control -> change_control
   transform field mapping exists: owned_by -> owned_by
   transform field mapping exists: checked_out -> checked_out
   skip system field: import_set_run
   transform field mapping exists: network_wire -> network_wire
   transform field mapping exists: maintenance_schedule -> maintenance_schedule
   transform field mapping exists: delivery_date -> delivery_date
   transform field mapping exists: install_status -> install_status
   transform field mapping exists: cost_center -> cost_center
   transform field mapping exists: supported_by -> supported_by
   transform field mapping exists: dns_domain -> dns_domain
   transform field mapping exists: name -> name
   transform field mapping exists: assigned -> assigned
   transform field mapping exists: purchase_date -> purchase_date
   transform field mapping exists: subcategory -> subcategory
   transform field mapping exists: short_description -> short_description
   skip system field: target_mod_count
   transform field mapping exists: assignment_group -> assignment_group
   skip system field: batch_id
   transform field mapping exists: managed_by -> managed_by
   skip system field: sys_import_state_comment
   skip system field: target_domain
   transform field mapping exists: can_print -> can_print
   transform field mapping exists: last_discovered -> last_discovered
   skip system field: sys_class_name
   transform field mapping exists: manufacturer -> manufacturer
   transform field mapping exists: po_number -> po_number
   transform field mapping exists: sys_class_path -> sys_class_path
   transform field mapping exists: checked_in -> checked_in
   transform field mapping exists: vendor -> vendor
   transform field mapping exists: mac_address -> mac_address
   skip system field: sys_transform_map
   transform field mapping exists: company -> company
   transform field mapping exists: justification -> justification
   transform field mapping exists: model_number -> model_number
   transform field mapping exists: department -> department
   transform field mapping exists: start_date -> start_date
   transform field mapping exists: assigned_to -> assigned_to
   transform field mapping exists: comments -> comments
   transform field mapping exists: cost -> cost
   skip system field: sys_target_table
   skip system field: target_created_on
   skip system field: sys_mod_count
   transform field mapping exists: monitor -> monitor
   transform field mapping exists: serial_number -> serial_number
   transform field mapping exists: ip_address -> ip_address
   transform field mapping exists: model_id -> model_id
   skip virtual field: sys_tags
   skip system field: sys_import_state
   transform field mapping exists: cost_cc -> cost_cc
   transform field mapping exists: support_group -> support_group
   transform field mapping exists: order_date -> order_date
   transform field mapping exists: schedule -> schedule
   transform field mapping exists: due -> due
   transform field mapping exists: correlation_id -> correlation_id
   transform field mapping exists: unverified -> unverified
   transform field mapping exists: location -> location
   transform field mapping exists: attributes -> attributes
   skip system field: source_id
   transform field mapping exists: category -> category
   transform field mapping exists: asset -> asset
   transform field mapping exists: fault_count -> fault_count
   transform field mapping exists: lease_id -> lease_id
   transform field mapping exists: target_domain -> sys_domain
   transform field mapping exists: target_class_name -> sys_class_name
   transform field mapping exists: target_mod_count -> sys_mod_count
   transform field mapping exists: target_created_by -> sys_created_by
   transform field mapping exists: target_created_on -> sys_created_on
coalece field exists
--synchronise transform map complete--
--Check Import Set WS and Transform Map Completed--

2018/06/20 12:21:52.964 [INFO] Scripted Web Service is Synchronised [u_itsmb_dscy_net_base_n]
2018/06/20 12:21:53.434 [INFO] Initialisation 5 of 8 [CMDB IPX Network] Completed
2018/06/20 12:21:53.435 [DETAIL] Build Field Map [AST:LNsCollection] started...
2018/06/20 12:21:53.554 [DETAIL] Remedy: Build Field Map [AST:LNsCollection] complete, 106 entries
2018/06/20 12:21:53.560 [DETAIL] Create Remedy Qualification: 'ClassId' = "BMC_LNSGROUP" AND (0 = 1 AND 'Company' = "Calbro Services" OR 0 = 0) AND 'DatasetID' = "BMC.ASSET"
2018/06/20 12:21:53.606 [DETAIL] Add Project Variable [ManufacturerName [STRING]]
2018/06/20 12:21:53.606 [DETAIL] Create SNow Lookup Query: name#!#ManufacturerName#!#^manufacturer=true
2018/06/20 12:21:53.608 [DETAIL] Add Project Variable [Company [STRING]]
2018/06/20 12:21:53.608 [DETAIL] Create SNow Lookup Query: name#!#Company#!#
2018/06/20 12:21:53.609 [DETAIL] Add Project Variable [SupplierName [STRING]]
2018/06/20 12:21:53.609 [DETAIL] Create SNow Lookup Query: name#!#SupplierName#!#^vendor=true
2018/06/20 12:21:53.610 [DETAIL] Add Project Variable [Department [STRING]]
2018/06/20 12:21:53.610 [DETAIL] Create SNow Lookup Query: name#!#Department#!#^company#!#!Target Company SysID!#!#
2018/06/20 12:21:53.611 [DETAIL] Add Project Variable [Reconciliation Identity [STRING]]
2018/06/20 12:21:53.614 [DETAIL] Create Remedy Lookup Query: 'CI_Instance_ID' = ""
2018/06/20 12:21:53.615 [DETAIL] Add Project Variable [OwnerName [STRING]]
2018/06/20 12:21:53.615 [DETAIL] Create SNow Lookup Query: name#!#OwnerName#!#
2018/06/20 12:21:53.616 [DETAIL] Add Project Variable [Model [STRING]]
2018/06/20 12:21:53.616 [DETAIL] Add Project Variable [VersionNumber [STRING]]
2018/06/20 12:21:53.616 [DETAIL] Create SNow Lookup Query: name#!#Model#!#^model_number#!#VersionNumber#!#
2018/06/20 12:21:53.617 [DETAIL] Add Project Variable [Cost Center [STRING]]
2018/06/20 12:21:53.617 [DETAIL] Create SNow Lookup Query: code#!#Cost Center#!#
2018/06/20 12:21:53.617 [DETAIL] Add Project Variable [Site [STRING]]
2018/06/20 12:21:53.617 [DETAIL] Create SNow Lookup Query: name#!#Site#!#^company#!#!Target Company SysID!#!#
2018/06/20 12:21:53.619 [INFO] Synchronising Scripted Web Service [u_itsmb_dscy_net_base_n]
2018/06/20 12:21:55.349 [DETAIL] --Check Import WS Started--
   WS Name: u_itsmb_dscy_net_base_n
   Target Table: dscy_net_base
   Scope: global
   Run Business Rules: false
   include fields from tables: dscy_net_base,cmdb_ci,cmdb
--created ws import set: u_itsmb_dscy_net_base_n [dscy_net_base]--
--synchronise ws fields with target complete--
--transform map updated: u_itsmb_dscy_net_base_n
   transform field mapping exists: skip_sync -> skip_sync
   transform field mapping exists: operational_status -> operational_status
   skip system field: template_import_log
   skip system field: target_scope
   skip system field: sys_updated_on
   skip system field: target_class_name
   skip system field: sys_target_sys_id
   transform field mapping exists: discovery_source -> discovery_source
   transform field mapping exists: first_discovered -> first_discovered
   skip system field: sys_updated_by
   transform field mapping exists: due_in -> due_in
   skip system field: sys_created_on
   skip system field: sys_import_set
   transform field mapping exists: install_date -> install_date
   transform field mapping exists: invoice_number -> invoice_number
   skip system field: target_sys_id
   transform field mapping exists: gl_account -> gl_account
   skip system field: target_created_by
   skip system field: sys_created_by
   transform field mapping exists: warranty_expiration -> warranty_expiration
   skip system field: sys_import_row
   transform field mapping exists: asset_tag -> asset_tag
   skip system field: sys_row_error
   transform field mapping exists: fqdn -> fqdn
   skip system field: target_domain_path
   transform field mapping exists: change_control -> change_control
   transform field mapping exists: owned_by -> owned_by
   transform field mapping exists: checked_out -> checked_out
   skip system field: import_set_run
   transform field mapping exists: network_wire -> network_wire
   transform field mapping exists: maintenance_schedule -> maintenance_schedule
   transform field mapping exists: delivery_date -> delivery_date
   transform field mapping exists: install_status -> install_status
   transform field mapping exists: cost_center -> cost_center
   transform field mapping exists: supported_by -> supported_by
   transform field mapping exists: dns_domain -> dns_domain
   transform field mapping exists: name -> name
   transform field mapping exists: assigned -> assigned
   transform field mapping exists: purchase_date -> purchase_date
   transform field mapping exists: subcategory -> subcategory
   transform field mapping exists: short_description -> short_description
   skip system field: target_mod_count
   transform field mapping exists: assignment_group -> assignment_group
   skip system field: batch_id
   transform field mapping exists: managed_by -> managed_by
   skip system field: sys_import_state_comment
   skip system field: target_domain
   transform field mapping exists: can_print -> can_print
   transform field mapping exists: last_discovered -> last_discovered
   skip system field: sys_class_name
   transform field mapping exists: manufacturer -> manufacturer
   transform field mapping exists: po_number -> po_number
   transform field mapping exists: sys_class_path -> sys_class_path
   transform field mapping exists: checked_in -> checked_in
   transform field mapping exists: vendor -> vendor
   transform field mapping exists: mac_address -> mac_address
   skip system field: sys_transform_map
   transform field mapping exists: company -> company
   transform field mapping exists: justification -> justification
   transform field mapping exists: model_number -> model_number
   transform field mapping exists: department -> department
   transform field mapping exists: start_date -> start_date
   transform field mapping exists: assigned_to -> assigned_to
   transform field mapping exists: comments -> comments
   transform field mapping exists: cost -> cost
   skip system field: sys_target_table
   skip system field: target_created_on
   skip system field: sys_mod_count
   transform field mapping exists: monitor -> monitor
   transform field mapping exists: serial_number -> serial_number
   transform field mapping exists: ip_address -> ip_address
   transform field mapping exists: model_id -> model_id
   skip virtual field: sys_tags
   skip system field: sys_import_state
   transform field mapping exists: cost_cc -> cost_cc
   transform field mapping exists: support_group -> support_group
   transform field mapping exists: order_date -> order_date
   transform field mapping exists: schedule -> schedule
   transform field mapping exists: due -> due
   transform field mapping exists: correlation_id -> correlation_id
   transform field mapping exists: unverified -> unverified
   transform field mapping exists: location -> location
   transform field mapping exists: attributes -> attributes
   skip system field: source_id
   transform field mapping exists: category -> category
   transform field mapping exists: asset -> asset
   transform field mapping exists: fault_count -> fault_count
   transform field mapping exists: lease_id -> lease_id
   transform field mapping exists: target_domain -> sys_domain
   transform field mapping exists: target_class_name -> sys_class_name
   transform field mapping exists: target_mod_count -> sys_mod_count
   transform field mapping exists: target_created_by -> sys_created_by
   transform field mapping exists: target_created_on -> sys_created_on
coalece field exists
--synchronise transform map complete--
--Check Import Set WS and Transform Map Completed--

2018/06/20 12:21:55.350 [INFO] Scripted Web Service is Synchronised [u_itsmb_dscy_net_base_n]
2018/06/20 12:21:55.816 [INFO] Initialisation 6 of 8 [CMDB LNs Collection] Completed
2018/06/20 12:21:55.816 [DETAIL] Build Field Map [AST:LAN] started...
2018/06/20 12:21:55.894 [DETAIL] Remedy: Build Field Map [AST:LAN] complete, 109 entries
2018/06/20 12:21:55.908 [DETAIL] Create Remedy Qualification: 'ClassId' = "BMC_LAN" AND (0 = 1 AND 'Company' = "Calbro Services" OR 0 = 0) AND 'DatasetID' = "BMC.ASSET"
2018/06/20 12:21:55.957 [DETAIL] Add Project Variable [ManufacturerName [STRING]]
2018/06/20 12:21:55.957 [DETAIL] Create SNow Lookup Query: name#!#ManufacturerName#!#^manufacturer=true
2018/06/20 12:21:55.958 [DETAIL] Add Project Variable [Company [STRING]]
2018/06/20 12:21:55.958 [DETAIL] Create SNow Lookup Query: name#!#Company#!#
2018/06/20 12:21:55.958 [DETAIL] Add Project Variable [SupplierName [STRING]]
2018/06/20 12:21:55.958 [DETAIL] Create SNow Lookup Query: name#!#SupplierName#!#^vendor=true
2018/06/20 12:21:55.959 [DETAIL] Add Project Variable [Department [STRING]]
2018/06/20 12:21:55.959 [DETAIL] Create SNow Lookup Query: name#!#Department#!#^company#!#!Target Company SysID!#!#
2018/06/20 12:21:55.960 [DETAIL] Add Project Variable [Reconciliation Identity [STRING]]
2018/06/20 12:21:55.963 [DETAIL] Create Remedy Lookup Query: 'CI_Instance_ID' = ""
2018/06/20 12:21:55.963 [DETAIL] Add Project Variable [OwnerName [STRING]]
2018/06/20 12:21:55.963 [DETAIL] Create SNow Lookup Query: name#!#OwnerName#!#
2018/06/20 12:21:55.964 [DETAIL] Add Project Variable [Model [STRING]]
2018/06/20 12:21:55.964 [DETAIL] Add Project Variable [VersionNumber [STRING]]
2018/06/20 12:21:55.964 [DETAIL] Create SNow Lookup Query: name#!#Model#!#^model_number#!#VersionNumber#!#
2018/06/20 12:21:55.965 [DETAIL] Add Project Variable [Cost Center [STRING]]
2018/06/20 12:21:55.965 [DETAIL] Create SNow Lookup Query: code#!#Cost Center#!#
2018/06/20 12:21:55.965 [DETAIL] Add Project Variable [Site [STRING]]
2018/06/20 12:21:55.965 [DETAIL] Create SNow Lookup Query: name#!#Site#!#^company#!#!Target Company SysID!#!#
2018/06/20 12:21:55.967 [INFO] Synchronising Scripted Web Service [u_itsmb_dscy_net_base_n]
2018/06/20 12:21:57.727 [DETAIL] --Check Import WS Started--
   WS Name: u_itsmb_dscy_net_base_n
   Target Table: dscy_net_base
   Scope: global
   Run Business Rules: false
   include fields from tables: dscy_net_base,cmdb_ci,cmdb
--created ws import set: u_itsmb_dscy_net_base_n [dscy_net_base]--
--synchronise ws fields with target complete--
--transform map updated: u_itsmb_dscy_net_base_n
   transform field mapping exists: skip_sync -> skip_sync
   transform field mapping exists: operational_status -> operational_status
   skip system field: template_import_log
   skip system field: target_scope
   skip system field: sys_updated_on
   skip system field: target_class_name
   skip system field: sys_target_sys_id
   transform field mapping exists: discovery_source -> discovery_source
   transform field mapping exists: first_discovered -> first_discovered
   skip system field: sys_updated_by
   transform field mapping exists: due_in -> due_in
   skip system field: sys_created_on
   skip system field: sys_import_set
   transform field mapping exists: install_date -> install_date
   transform field mapping exists: invoice_number -> invoice_number
   skip system field: target_sys_id
   transform field mapping exists: gl_account -> gl_account
   skip system field: target_created_by
   skip system field: sys_created_by
   transform field mapping exists: warranty_expiration -> warranty_expiration
   skip system field: sys_import_row
   transform field mapping exists: asset_tag -> asset_tag
   skip system field: sys_row_error
   transform field mapping exists: fqdn -> fqdn
   skip system field: target_domain_path
   transform field mapping exists: change_control -> change_control
   transform field mapping exists: owned_by -> owned_by
   transform field mapping exists: checked_out -> checked_out
   skip system field: import_set_run
   transform field mapping exists: network_wire -> network_wire
   transform field mapping exists: maintenance_schedule -> maintenance_schedule
   transform field mapping exists: delivery_date -> delivery_date
   transform field mapping exists: install_status -> install_status
   transform field mapping exists: cost_center -> cost_center
   transform field mapping exists: supported_by -> supported_by
   transform field mapping exists: dns_domain -> dns_domain
   transform field mapping exists: name -> name
   transform field mapping exists: assigned -> assigned
   transform field mapping exists: purchase_date -> purchase_date
   transform field mapping exists: subcategory -> subcategory
   transform field mapping exists: short_description -> short_description
   skip system field: target_mod_count
   transform field mapping exists: assignment_group -> assignment_group
   skip system field: batch_id
   transform field mapping exists: managed_by -> managed_by
   skip system field: sys_import_state_comment
   skip system field: target_domain
   transform field mapping exists: can_print -> can_print
   transform field mapping exists: last_discovered -> last_discovered
   skip system field: sys_class_name
   transform field mapping exists: manufacturer -> manufacturer
   transform field mapping exists: po_number -> po_number
   transform field mapping exists: sys_class_path -> sys_class_path
   transform field mapping exists: checked_in -> checked_in
   transform field mapping exists: vendor -> vendor
   transform field mapping exists: mac_address -> mac_address
   skip system field: sys_transform_map
   transform field mapping exists: company -> company
   transform field mapping exists: justification -> justification
   transform field mapping exists: model_number -> model_number
   transform field mapping exists: department -> department
   transform field mapping exists: start_date -> start_date
   transform field mapping exists: assigned_to -> assigned_to
   transform field mapping exists: comments -> comments
   transform field mapping exists: cost -> cost
   skip system field: sys_target_table
   skip system field: target_created_on
   skip system field: sys_mod_count
   transform field mapping exists: monitor -> monitor
   transform field mapping exists: serial_number -> serial_number
   transform field mapping exists: ip_address -> ip_address
   transform field mapping exists: model_id -> model_id
   skip virtual field: sys_tags
   skip system field: sys_import_state
   transform field mapping exists: cost_cc -> cost_cc
   transform field mapping exists: support_group -> support_group
   transform field mapping exists: order_date -> order_date
   transform field mapping exists: schedule -> schedule
   transform field mapping exists: due -> due
   transform field mapping exists: correlation_id -> correlation_id
   transform field mapping exists: unverified -> unverified
   transform field mapping exists: location -> location
   transform field mapping exists: attributes -> attributes
   skip system field: source_id
   transform field mapping exists: category -> category
   transform field mapping exists: asset -> asset
   transform field mapping exists: fault_count -> fault_count
   transform field mapping exists: lease_id -> lease_id
   transform field mapping exists: target_domain -> sys_domain
   transform field mapping exists: target_class_name -> sys_class_name
   transform field mapping exists: target_mod_count -> sys_mod_count
   transform field mapping exists: target_created_by -> sys_created_by
   transform field mapping exists: target_created_on -> sys_created_on
coalece field exists
--synchronise transform map complete--
--Check Import Set WS and Transform Map Completed--

2018/06/20 12:21:57.727 [INFO] Scripted Web Service is Synchronised [u_itsmb_dscy_net_base_n]
2018/06/20 12:21:58.204 [INFO] Initialisation 7 of 8 [CMDB LANs] Completed
2018/06/20 12:21:58.208 [DETAIL] Build Field Map [AST:WAN] started...
2018/06/20 12:21:58.296 [DETAIL] Remedy: Build Field Map [AST:WAN] complete, 109 entries
2018/06/20 12:21:58.305 [DETAIL] Create Remedy Qualification: 'ClassId' = "BMC_WAN" AND (0 = 1 AND 'Company' = "Calbro Services" OR 0 = 0) AND 'DatasetID' = "BMC.ASSET"
2018/06/20 12:21:58.343 [DETAIL] Add Project Variable [ManufacturerName [STRING]]
2018/06/20 12:21:58.344 [DETAIL] Create SNow Lookup Query: name#!#ManufacturerName#!#^manufacturer=true
2018/06/20 12:21:58.344 [DETAIL] Add Project Variable [Company [STRING]]
2018/06/20 12:21:58.345 [DETAIL] Create SNow Lookup Query: name#!#Company#!#
2018/06/20 12:21:58.345 [DETAIL] Add Project Variable [SupplierName [STRING]]
2018/06/20 12:21:58.345 [DETAIL] Create SNow Lookup Query: name#!#SupplierName#!#^vendor=true
2018/06/20 12:21:58.346 [DETAIL] Add Project Variable [Department [STRING]]
2018/06/20 12:21:58.346 [DETAIL] Create SNow Lookup Query: name#!#Department#!#^company#!#!Target Company SysID!#!#
2018/06/20 12:21:58.346 [DETAIL] Add Project Variable [Reconciliation Identity [STRING]]
2018/06/20 12:21:58.349 [DETAIL] Create Remedy Lookup Query: 'CI_Instance_ID' = ""
2018/06/20 12:21:58.350 [DETAIL] Add Project Variable [OwnerName [STRING]]
2018/06/20 12:21:58.350 [DETAIL] Create SNow Lookup Query: name#!#OwnerName#!#
2018/06/20 12:21:58.351 [DETAIL] Add Project Variable [Model [STRING]]
2018/06/20 12:21:58.351 [DETAIL] Add Project Variable [VersionNumber [STRING]]
2018/06/20 12:21:58.351 [DETAIL] Create SNow Lookup Query: name#!#Model#!#^model_number#!#VersionNumber#!#
2018/06/20 12:21:58.351 [DETAIL] Add Project Variable [Cost Center [STRING]]
2018/06/20 12:21:58.352 [DETAIL] Create SNow Lookup Query: code#!#Cost Center#!#
2018/06/20 12:21:58.352 [DETAIL] Add Project Variable [Site [STRING]]
2018/06/20 12:21:58.352 [DETAIL] Create SNow Lookup Query: name#!#Site#!#^company#!#!Target Company SysID!#!#
2018/06/20 12:21:58.354 [INFO] Synchronising Scripted Web Service [u_itsmb_dscy_net_base_n]
2018/06/20 12:22:00.134 [DETAIL] --Check Import WS Started--
   WS Name: u_itsmb_dscy_net_base_n
   Target Table: dscy_net_base
   Scope: global
   Run Business Rules: false
   include fields from tables: dscy_net_base,cmdb_ci,cmdb
--created ws import set: u_itsmb_dscy_net_base_n [dscy_net_base]--
--synchronise ws fields with target complete--
--transform map updated: u_itsmb_dscy_net_base_n
   transform field mapping exists: skip_sync -> skip_sync
   transform field mapping exists: operational_status -> operational_status
   skip system field: template_import_log
   skip system field: target_scope
   skip system field: sys_updated_on
   skip system field: target_class_name
   skip system field: sys_target_sys_id
   transform field mapping exists: discovery_source -> discovery_source
   transform field mapping exists: first_discovered -> first_discovered
   skip system field: sys_updated_by
   transform field mapping exists: due_in -> due_in
   skip system field: sys_created_on
   skip system field: sys_import_set
   transform field mapping exists: install_date -> install_date
   transform field mapping exists: invoice_number -> invoice_number
   skip system field: target_sys_id
   transform field mapping exists: gl_account -> gl_account
   skip system field: target_created_by
   skip system field: sys_created_by
   transform field mapping exists: warranty_expiration -> warranty_expiration
   skip system field: sys_import_row
   transform field mapping exists: asset_tag -> asset_tag
   skip system field: sys_row_error
   transform field mapping exists: fqdn -> fqdn
   skip system field: target_domain_path
   transform field mapping exists: change_control -> change_control
   transform field mapping exists: owned_by -> owned_by
   transform field mapping exists: checked_out -> checked_out
   skip system field: import_set_run
   transform field mapping exists: network_wire -> network_wire
   transform field mapping exists: maintenance_schedule -> maintenance_schedule
   transform field mapping exists: delivery_date -> delivery_date
   transform field mapping exists: install_status -> install_status
   transform field mapping exists: cost_center -> cost_center
   transform field mapping exists: supported_by -> supported_by
   transform field mapping exists: dns_domain -> dns_domain
   transform field mapping exists: name -> name
   transform field mapping exists: assigned -> assigned
   transform field mapping exists: purchase_date -> purchase_date
   transform field mapping exists: subcategory -> subcategory
   transform field mapping exists: short_description -> short_description
   skip system field: target_mod_count
   transform field mapping exists: assignment_group -> assignment_group
   skip system field: batch_id
   transform field mapping exists: managed_by -> managed_by
   skip system field: sys_import_state_comment
   skip system field: target_domain
   transform field mapping exists: can_print -> can_print
   transform field mapping exists: last_discovered -> last_discovered
   skip system field: sys_class_name
   transform field mapping exists: manufacturer -> manufacturer
   transform field mapping exists: po_number -> po_number
   transform field mapping exists: sys_class_path -> sys_class_path
   transform field mapping exists: checked_in -> checked_in
   transform field mapping exists: vendor -> vendor
   transform field mapping exists: mac_address -> mac_address
   skip system field: sys_transform_map
   transform field mapping exists: company -> company
   transform field mapping exists: justification -> justification
   transform field mapping exists: model_number -> model_number
   transform field mapping exists: department -> department
   transform field mapping exists: start_date -> start_date
   transform field mapping exists: assigned_to -> assigned_to
   transform field mapping exists: comments -> comments
   transform field mapping exists: cost -> cost
   skip system field: sys_target_table
   skip system field: target_created_on
   skip system field: sys_mod_count
   transform field mapping exists: monitor -> monitor
   transform field mapping exists: serial_number -> serial_number
   transform field mapping exists: ip_address -> ip_address
   transform field mapping exists: model_id -> model_id
   skip virtual field: sys_tags
   skip system field: sys_import_state
   transform field mapping exists: cost_cc -> cost_cc
   transform field mapping exists: support_group -> support_group
   transform field mapping exists: order_date -> order_date
   transform field mapping exists: schedule -> schedule
   transform field mapping exists: due -> due
   transform field mapping exists: correlation_id -> correlation_id
   transform field mapping exists: unverified -> unverified
   transform field mapping exists: location -> location
   transform field mapping exists: attributes -> attributes
   skip system field: source_id
   transform field mapping exists: category -> category
   transform field mapping exists: asset -> asset
   transform field mapping exists: fault_count -> fault_count
   transform field mapping exists: lease_id -> lease_id
   transform field mapping exists: target_domain -> sys_domain
   transform field mapping exists: target_class_name -> sys_class_name
   transform field mapping exists: target_mod_count -> sys_mod_count
   transform field mapping exists: target_created_by -> sys_created_by
   transform field mapping exists: target_created_on -> sys_created_on
coalece field exists
--synchronise transform map complete--
--Check Import Set WS and Transform Map Completed--

2018/06/20 12:22:00.134 [INFO] Scripted Web Service is Synchronised [u_itsmb_dscy_net_base_n]
2018/06/20 12:22:00.606 [INFO] Initialisation 8 of 8 [CMDB WANs] Completed
2018/06/20 12:22:00.614 [INFO] ### Initialisation Step Complete
2018/06/20 12:22:00.616 [INFO] [CMDB Concrete Collection] Key Mapping Cache AST:ConcreteCollection -> Network Infrastructure Item Ready.
2018/06/20 12:22:00.616 [INFO] [CMDB Concrete Collection] Migration in progress.
2018/06/20 12:22:00.617 [DETAIL] [CMDB Concrete Collection Chunk 0] Data Retrieve Started...
2018/06/20 12:22:00.661 [DETAIL] [CMDB Concrete Collection Chunk 0] Data Transform Started...
2018/06/20 12:22:00.661 [DETAIL] [CMDB Concrete Collection Chunk 0] Data Update Started...
2018/06/20 12:22:00.661 [INFO] Migration Completed 
2018/06/20 12:22:00.661 [INFO] Summary...  Created:0 Updated:0 Skipped:0 Errors:0 [Warnings 0]
2018/06/20 12:22:00.663 [INFO] [CMDB Connectivity Collection] Key Mapping Cache AST:ConnectivityCollection -> Network Infrastructure Item Ready.
2018/06/20 12:22:00.663 [INFO] [CMDB Connectivity Collection] Migration in progress.
2018/06/20 12:22:00.663 [DETAIL] [CMDB Connectivity Collection Chunk 0] Data Retrieve Started...
2018/06/20 12:22:00.686 [DETAIL] [CMDB Connectivity Collection Chunk 0] Data Transform Started...
2018/06/20 12:22:00.686 [DETAIL] [CMDB Connectivity Collection Chunk 0] Data Update Started...
2018/06/20 12:22:00.686 [INFO] Migration Completed 
2018/06/20 12:22:00.686 [INFO] Summary...  Created:0 Updated:0 Skipped:0 Errors:0 [Warnings 0]
2018/06/20 12:22:00.689 [INFO] [CMDB Connectivity Segment] Key Mapping Cache AST:ConnectivitySegment -> Network Infrastructure Item Ready.
2018/06/20 12:22:00.690 [INFO] [CMDB Connectivity Segment] Migration in progress.
2018/06/20 12:22:00.690 [DETAIL] [CMDB Connectivity Segment Chunk 0] Data Retrieve Started...
2018/06/20 12:22:00.734 [DETAIL] [CMDB Connectivity Segment Chunk 0] Data Transform Started...
2018/06/20 12:22:00.734 [DETAIL] [CMDB Connectivity Segment Chunk 0] Data Update Started...
2018/06/20 12:22:00.734 [INFO] Migration Completed 
2018/06/20 12:22:00.734 [INFO] Summary...  Created:0 Updated:0 Skipped:0 Errors:0 [Warnings 0]
2018/06/20 12:22:00.737 [INFO] [CMDB IP Subnet] Key Mapping Cache AST:IPConnectivitySubnet -> Network Infrastructure Item Ready.
2018/06/20 12:22:00.737 [INFO] [CMDB IP Subnet] Migration in progress.
2018/06/20 12:22:00.737 [DETAIL] [CMDB IP Subnet Chunk 0] Data Retrieve Started...
2018/06/20 12:22:00.764 [DETAIL] [CMDB IP Subnet Chunk 0] Data Transform Started...
2018/06/20 12:22:00.765 [DETAIL] Add Project Variable [justification [STRING]]
2018/06/20 12:22:00.765 [DETAIL] Create SNow Lookup Query: justification#!#justification#!#
2018/06/20 12:22:00.768 [DETAIL] Lookup Batch Retrieve-Start
2018/06/20 12:22:00.768 [DETAIL] [src=null] SNow Qual: nameISEMPTY^manufacturer=true
2018/06/20 12:22:00.768 [DETAIL] [src=null] SNow Qual: nameISEMPTY^manufacturer=true
2018/06/20 12:22:00.768 [DETAIL] [src=null] SNow Qual: nameISEMPTY^manufacturer=true
2018/06/20 12:22:01.234 [DETAIL] Lookup Batch Retrieve-End
2018/06/20 12:22:01.235 [DETAIL] Lookup Batch Retrieve-Start
2018/06/20 12:22:01.235 [DETAIL] [src=null] SNow Qual: name=Calbro Services
2018/06/20 12:22:01.235 [DETAIL] [src=null] SNow Qual: name=Calbro Services
2018/06/20 12:22:01.236 [DETAIL] [src=null] SNow Qual: name=Calbro Services
2018/06/20 12:22:01.506 [DETAIL] Lookup Batch Retrieve-End
2018/06/20 12:22:01.512 [DETAIL] Lookup Batch Retrieve-Start
2018/06/20 12:22:01.512 [DETAIL] [src=null] SNow Qual: nameISEMPTY^vendor=true
2018/06/20 12:22:01.512 [DETAIL] [src=null] SNow Qual: nameISEMPTY^vendor=true
2018/06/20 12:22:01.512 [DETAIL] [src=null] SNow Qual: nameISEMPTY^vendor=true
2018/06/20 12:22:01.987 [DETAIL] Lookup Batch Retrieve-End
2018/06/20 12:22:01.997 [DETAIL] Lookup Batch Retrieve-Start
2018/06/20 12:22:01.997 [DETAIL] [src=null] SNow Qual: nameISEMPTY^company=d4ce6d31db7213007f3873278c9619d9
2018/06/20 12:22:01.998 [DETAIL] [src=null] SNow Qual: nameISEMPTY^company=d4ce6d31db7213007f3873278c9619d9
2018/06/20 12:22:01.998 [DETAIL] [src=null] SNow Qual: nameISEMPTY^company=d4ce6d31db7213007f3873278c9619d9
2018/06/20 12:22:02.453 [DETAIL] Lookup Batch Retrieve-End
2018/06/20 12:22:02.453 [DETAIL] Lookup Batch Retrieve-Start
2018/06/20 12:22:02.477 [DETAIL] Lookup Batch Retrieve-End
2018/06/20 12:22:02.477 [DETAIL] Lookup Batch Retrieve-Start
2018/06/20 12:22:02.477 [DETAIL] [src=null] SNow Qual: nameISEMPTY
2018/06/20 12:22:02.478 [DETAIL] [src=null] SNow Qual: nameISEMPTY
2018/06/20 12:22:02.478 [DETAIL] [src=null] SNow Qual: nameISEMPTY
2018/06/20 12:22:02.936 [DETAIL] Lookup Batch Retrieve-End
2018/06/20 12:22:02.936 [DETAIL] Lookup Batch Retrieve-Start
2018/06/20 12:22:02.937 [DETAIL] [src=null] SNow Qual: nameISEMPTY^model_numberISEMPTY
2018/06/20 12:22:02.937 [DETAIL] [src=null] SNow Qual: nameISEMPTY^model_numberISEMPTY
2018/06/20 12:22:02.937 [DETAIL] [src=null] SNow Qual: nameISEMPTY^model_numberISEMPTY
2018/06/20 12:22:03.385 [DETAIL] Lookup Batch Retrieve-End
2018/06/20 12:22:03.385 [DETAIL] Lookup Batch Retrieve-Start
2018/06/20 12:22:03.385 [DETAIL] [src=null] SNow Qual: code=Unallocated
2018/06/20 12:22:03.386 [DETAIL] [src=null] SNow Qual: code=Unallocated
2018/06/20 12:22:03.386 [DETAIL] [src=null] SNow Qual: code=Unallocated
2018/06/20 12:22:03.847 [DETAIL] Lookup Batch Retrieve-End
2018/06/20 12:22:03.847 [DETAIL] Lookup Batch Retrieve-Start
2018/06/20 12:22:03.848 [DETAIL] [src=null] SNow Qual: nameISEMPTY^company=d4ce6d31db7213007f3873278c9619d9
2018/06/20 12:22:03.848 [DETAIL] [src=null] SNow Qual: nameISEMPTY^company=d4ce6d31db7213007f3873278c9619d9
2018/06/20 12:22:03.848 [DETAIL] [src=null] SNow Qual: nameISEMPTY^company=d4ce6d31db7213007f3873278c9619d9
2018/06/20 12:22:04.306 [DETAIL] Lookup Batch Retrieve-End
2018/06/20 12:22:04.308 [DETAIL] Lookup Batch Retrieve-Start
2018/06/20 12:22:04.308 [DETAIL] [src=000000000000001|000000000000004|000000000000684|000000000000122] SNow Qual: justification=OI-E58012E8521A4FA499EF0FF1FF412FAF
2018/06/20 12:22:04.308 [DETAIL] [src=000000000000001|000000000000005|000000000000685|000000000000123] SNow Qual: justification=OI-BD9019FD795C43988AA04010C581D564
2018/06/20 12:22:04.308 [DETAIL] [src=000000000000001|000000000000006|000000000000686|000000000000124] SNow Qual: justification=OI-585D73E4EAFA42A8BBC9C668CF44700A
2018/06/20 12:22:04.765 [DETAIL] Lookup Batch Retrieve-End
2018/06/20 12:22:04.767 [DETAIL] [CMDB IP Subnet Chunk 0] Data Update Started...
2018/06/20 12:22:04.768 [DETAIL] Batch Insert of 3 Entries Started
2018/06/20 12:22:05.347 [DETAIL] Create entry complete [src=000000000000001|000000000000004|000000000000684|000000000000122 tgt=6ce539b5db7213007f3873278c961938]
2018/06/20 12:22:05.356 [DETAIL] Create entry complete [src=000000000000001|000000000000005|000000000000685|000000000000123 tgt=68e539b5db7213007f3873278c961939]
2018/06/20 12:22:05.366 [DETAIL] Create entry complete [src=000000000000001|000000000000006|000000000000686|000000000000124 tgt=ace539b5db7213007f3873278c961939]
2018/06/20 12:22:05.370 [INFO] Migration Completed 
2018/06/20 12:22:05.370 [INFO] Summary...  Created:3 Updated:0 Skipped:0 Errors:0 [Warnings 0]
2018/06/20 12:22:05.393 [INFO] [CMDB IPX Network] Key Mapping Cache AST:IPXConnectivityNetwork -> Network Infrastructure Item Ready.
2018/06/20 12:22:05.393 [INFO] [CMDB IPX Network] Migration in progress.
2018/06/20 12:22:05.393 [DETAIL] [CMDB IPX Network Chunk 0] Data Retrieve Started...
2018/06/20 12:22:05.431 [DETAIL] [CMDB IPX Network Chunk 0] Data Transform Started...
2018/06/20 12:22:05.432 [DETAIL] [CMDB IPX Network Chunk 0] Data Update Started...
2018/06/20 12:22:05.432 [INFO] Migration Completed 
2018/06/20 12:22:05.432 [INFO] Summary...  Created:0 Updated:0 Skipped:0 Errors:0 [Warnings 0]
2018/06/20 12:22:05.440 [INFO] [CMDB LNs Collection] Key Mapping Cache AST:LNsCollection -> Network Infrastructure Item Ready.
2018/06/20 12:22:05.440 [INFO] [CMDB LNs Collection] Migration in progress.
2018/06/20 12:22:05.440 [DETAIL] [CMDB LNs Collection Chunk 0] Data Retrieve Started...
2018/06/20 12:22:05.476 [DETAIL] [CMDB LNs Collection Chunk 0] Data Transform Started...
2018/06/20 12:22:05.476 [DETAIL] [CMDB LNs Collection Chunk 0] Data Update Started...
2018/06/20 12:22:05.476 [INFO] Migration Completed 
2018/06/20 12:22:05.476 [INFO] Summary...  Created:0 Updated:0 Skipped:0 Errors:0 [Warnings 0]
2018/06/20 12:22:05.493 [INFO] [CMDB LANs] Key Mapping Cache AST:LAN -> Network Infrastructure Item Ready.
2018/06/20 12:22:05.493 [INFO] [CMDB LANs] Migration in progress.
2018/06/20 12:22:05.494 [DETAIL] [CMDB LANs Chunk 0] Data Retrieve Started...
2018/06/20 12:22:05.565 [DETAIL] [CMDB LANs Chunk 0] Data Transform Started...
2018/06/20 12:22:05.565 [DETAIL] [CMDB LANs Chunk 0] Data Update Started...
2018/06/20 12:22:05.565 [INFO] Migration Completed 
2018/06/20 12:22:05.565 [INFO] Summary...  Created:0 Updated:0 Skipped:0 Errors:0 [Warnings 0]
2018/06/20 12:22:05.574 [INFO] [CMDB WANs] Key Mapping Cache AST:WAN -> Network Infrastructure Item Ready.
2018/06/20 12:22:05.574 [INFO] [CMDB WANs] Migration in progress.
2018/06/20 12:22:05.575 [DETAIL] [CMDB WANs Chunk 0] Data Retrieve Started...
2018/06/20 12:22:05.605 [DETAIL] [CMDB WANs Chunk 0] Data Transform Started...
2018/06/20 12:22:05.605 [DETAIL] [CMDB WANs Chunk 0] Data Update Started...
2018/06/20 12:22:05.605 [INFO] Migration Completed 
2018/06/20 12:22:05.605 [INFO] Summary...  Created:0 Updated:0 Skipped:0 Errors:0 [Warnings 0]
2018/06/20 12:22:05.605 [DETAIL] Closing Execution Task...
2018/06/20 12:22:05.625 [INFO] Execution has completed [Execution ID=2018-06-20_12-21]
2018/06/20 12:22:05.626 [INFO] --END OF LOG--
